2025-08-15 15:46:23,015 | INFO | Loading data: C:\Users\sarath kumar\OneDrive\Desktop\AI in enterprise System-2004\lab5\bankruptcy.csv
2025-08-15 15:46:24,867 | INFO | Rows × Cols: 6819 × 96
2025-08-15 15:46:24,867 | INFO | Target positive rate: 0.0323
2025-08-15 15:46:25,319 | INFO | Tuning LogReg ...
2025-08-15 15:46:42,022 | INFO | LogReg best params: {
  "logreg__penalty": "l1",
  "logreg__C": 0.0379269019073225
}
2025-08-15 15:46:42,022 | INFO | LogReg test PR-AUC: 0.4312 | ROC-AUC: 0.9476
2025-08-15 15:46:42,022 | INFO | Tuning RandomForest ...
2025-08-15 21:24:24,040 | INFO | Loading data: C:\Users\sarath kumar\OneDrive\Desktop\AI in enterprise System-2004\lab5\bankruptcy.csv
2025-08-15 21:24:26,636 | INFO | Rows × Cols: 6819 × 96
2025-08-15 21:24:26,636 | INFO | Target positive rate: 0.0323
2025-08-15 21:24:27,144 | INFO | Tuning LogReg ...
2025-08-15 21:24:43,940 | INFO | LogReg best params: {
  "logreg__penalty": "l1",
  "logreg__C": 0.0379269019073225
}
2025-08-15 21:24:43,940 | INFO | LogReg test PR-AUC: 0.4312 | ROC-AUC: 0.9476
2025-08-15 21:24:43,940 | INFO | Tuning RandomForest ...
2025-08-15 21:29:30,559 | INFO | RandomForest best params: {
  "rf__min_samples_split": 5,
  "rf__min_samples_leaf": 2,
  "rf__max_features": "sqrt",
  "rf__max_depth": null
}
2025-08-15 21:29:30,560 | INFO | RandomForest test PR-AUC: 0.5560 | ROC-AUC: 0.9601
2025-08-15 21:29:30,560 | INFO | Tuning XGBoost ...
2025-08-15 21:31:24,792 | INFO | XGBoost best params: {
  "xgb__reg_lambda": 1.0,
  "xgb__reg_alpha": 0.001,
  "xgb__min_child_weight": 1,
  "xgb__max_depth": 8,
  "xgb__gamma": 0
}
2025-08-15 21:31:24,792 | INFO | XGBoost test PR-AUC: 0.5478 | ROC-AUC: 0.9576
2025-08-15 21:31:40,332 | INFO | Done. Artifacts written to: artifacts
2025-08-15 21:46:04,264 | INFO | Loading data: C:\Users\sarath kumar\OneDrive\Desktop\AI in enterprise System-2004\lab5\bankruptcy.csv
2025-08-15 21:46:06,683 | INFO | Rows × Cols: 6819 × 96
2025-08-15 21:46:06,683 | INFO | Target positive rate: 0.0323
2025-08-15 21:46:07,148 | INFO | Tuning LogReg ...
2025-08-15 21:46:29,126 | INFO | LogReg best params: {
  "logreg__penalty": "l1",
  "logreg__C": 0.0379269019073225
}
2025-08-15 21:46:29,126 | INFO | LogReg test PR-AUC: 0.4312 | ROC-AUC: 0.9476
2025-08-15 21:46:29,127 | INFO | Tuning RandomForest ...
2025-08-15 21:51:22,893 | INFO | RandomForest best params: {
  "rf__min_samples_split": 5,
  "rf__min_samples_leaf": 2,
  "rf__max_features": "sqrt",
  "rf__max_depth": null
}
2025-08-15 21:51:22,893 | INFO | RandomForest test PR-AUC: 0.5560 | ROC-AUC: 0.9601
2025-08-15 21:51:22,893 | INFO | Tuning XGBoost ...
2025-08-15 21:53:25,999 | INFO | XGBoost best params: {
  "xgb__reg_lambda": 1.0,
  "xgb__reg_alpha": 0.001,
  "xgb__min_child_weight": 1,
  "xgb__max_depth": 8,
  "xgb__gamma": 0
}
2025-08-15 21:53:26,000 | INFO | XGBoost test PR-AUC: 0.5478 | ROC-AUC: 0.9576
2025-08-15 22:16:32,065 | INFO | Loading data: C:\Users\sarath kumar\OneDrive\Desktop\AI in enterprise System-2004\lab5\bankruptcy.csv
2025-08-15 22:16:36,075 | INFO | Rows × Cols: 6819 × 96
2025-08-15 22:16:36,075 | INFO | Target positive rate: 0.0323
2025-08-15 22:16:36,551 | INFO | Tuning LogReg ...
2025-08-15 22:16:51,998 | INFO | LogReg best params: {
  "logreg__penalty": "l1",
  "logreg__C": 0.0379269019073225
}
2025-08-15 22:16:51,998 | INFO | LogReg test PR-AUC: 0.4312 | ROC-AUC: 0.9476
2025-08-15 22:16:51,998 | INFO | Tuning RandomForest ...
2025-08-15 22:21:21,783 | INFO | RandomForest best params: {
  "rf__min_samples_split": 5,
  "rf__min_samples_leaf": 2,
  "rf__max_features": "sqrt",
  "rf__max_depth": null
}
2025-08-15 22:21:21,783 | INFO | RandomForest test PR-AUC: 0.5560 | ROC-AUC: 0.9601
2025-08-15 22:21:21,783 | INFO | Tuning XGBoost ...
2025-08-15 22:23:09,522 | INFO | XGBoost best params: {
  "xgb__reg_lambda": 1.0,
  "xgb__reg_alpha": 0.001,
  "xgb__min_child_weight": 1,
  "xgb__max_depth": 8,
  "xgb__gamma": 0
}
2025-08-15 22:23:09,522 | INFO | XGBoost test PR-AUC: 0.5478 | ROC-AUC: 0.9576
2025-08-15 22:23:20,542 | INFO | Done. Artifacts written to: artifacts
